<?xml version="1.0" encoding="UTF-8"?>
<!-- Generated by org.testng.reporters.JUnitReportReporter -->
<testsuite skipped="0" hostname="Ty-Deepak-Tr" name="com.comcast.accounttest.AccountTest" tests="2" failures="0" timestamp="22 Dec 2020 07:40:29 GMT" time="0.017" errors="0">
  <testcase name="createAccountTest" time="0.015" classname="com.comcast.accounttest.AccountTest"/>
  <testcase name="modifyAccountTest" time="0.002" classname="com.comcast.accounttest.AccountTest"/>
</testsuite> <!-- com.comcast.accounttest.AccountTest -->
