<?xml version="1.0" encoding="UTF-8"?>
<!-- Generated by org.testng.reporters.JUnitReportReporter -->
<testsuite skipped="0" hostname="Ty-Deepak-Tr" name="com.comcast.accounttest.ConatctTest" tests="2" failures="0" timestamp="22 Dec 2020 07:05:06 GMT" time="0.019" errors="0">
  <testcase name="createContactTest" time="0.018" classname="com.comcast.accounttest.ConatctTest"/>
  <testcase name="modifyContactTest" time="0.001" classname="com.comcast.accounttest.ConatctTest"/>
</testsuite> <!-- com.comcast.accounttest.ConatctTest -->
